<?xml version="1.0" encoding="UTF-8"?>
<testng-results ignored="0" total="2" passed="2" failed="0" skipped="0">
  <reporter-output>
  </reporter-output>
  <suite started-at="2020-01-26T19:24:05Z" name="Utility.TestCase_WithUtility" finished-at="2020-01-26T19:24:07Z" duration-ms="1587">
    <groups>
    </groups>
    <test started-at="2020-01-26T19:24:05Z" name="Command line test" finished-at="2020-01-26T19:24:07Z" duration-ms="1587">
      <class name="Utility.TestCase_WithUtility">
        <test-method signature="test1()[pri:0, instance:Utility.TestCase_WithUtility@6895a785]" started-at="2020-01-26T19:24:05Z" name="test1" finished-at="2020-01-26T19:24:06Z" duration-ms="1033" status="PASS">
          <reporter-output>
          </reporter-output>
        </test-method> <!-- test1 -->
        <test-method signature="test2()[pri:0, instance:Utility.TestCase_WithUtility@6895a785]" started-at="2020-01-26T19:24:06Z" name="test2" description="Verify that Steven King has the highest salary" finished-at="2020-01-26T19:24:07Z" duration-ms="529" status="PASS">
          <reporter-output>
          </reporter-output>
        </test-method> <!-- test2 -->
      </class> <!-- Utility.TestCase_WithUtility -->
    </test> <!-- Command line test -->
  </suite> <!-- Utility.TestCase_WithUtility -->
</testng-results>
